#
# There is insufficient memory for the Java Runtime Environment to continue.
# Native memory allocation (mmap) failed to map 8388608 bytes for G1 virtual space
# Possible reasons:
#   The system is out of physical RAM or swap space
#   The process is running with CompressedOops enabled, and the Java Heap may be blocking the growth of the native heap
# Possible solutions:
#   Reduce memory load on the system
#   Increase physical memory or swap space
#   Check if swap backing store is full
#   Decrease Java heap size (-Xmx/-Xms)
#   Decrease number of Java threads
#   Decrease Java thread stack sizes (-Xss)
#   Set larger code cache with -XX:ReservedCodeCacheSize=
#   JVM is running with Zero Based Compressed Oops mode in which the Java heap is
#     placed in the first 32GB address space. The Java Heap base address is the
#     maximum limit for the native heap growth. Please use -XX:HeapBaseMinAddress
#     to set the Java Heap base and to place the Java Heap above 32GB virtual address.
# This output file may be truncated or incomplete.
#
#  Out of Memory Error (os_windows.cpp:3469), pid=10088, tid=40820
#
# JRE version:  (17.0.1+12) (build )
# Java VM: OpenJDK 64-Bit Server VM (17.0.1+12, mixed mode, sharing, tiered, compressed oops, compressed class ptrs, g1 gc, windows-amd64)
# No core dump will be written. Minidumps are not enabled by default on client versions of Windows
#

---------------  S U M M A R Y ------------

Command Line: -Dfile.encoding=Cp1252 --module-path=M:\Development\AOP2_AddressBook\bin -XX:+ShowCodeDetailsInExceptionMessages -Djdk.module.main=aop2_AddressBook aop2_AddressBook/addressBook.AddressBookMain

Host: AMD Ryzen 7 2700 Eight-Core Processor          , 16 cores, 31G,  Windows 10 , 64 bit Build 19041 (10.0.19041.1889)
Time: Thu Oct  6 01:48:12 2022 Eastern Daylight Time elapsed time: 0.017250 seconds (0d 0h 0m 0s)

---------------  T H R E A D  ---------------

Current thread (0x000001f660a64ca0):  JavaThread "Unknown thread" [_thread_in_vm, id=40820, stack(0x0000005a22100000,0x0000005a22200000)]

Stack: [0x0000005a22100000,0x0000005a22200000]
Native frames: (J=compiled Java code, j=interpreted, Vv=VM code, C=native code)
V  [jvm.dll+0x6744da]
V  [jvm.dll+0x82e144]
V  [jvm.dll+0x82f8ee]
V  [jvm.dll+0x82ff53]
V  [jvm.dll+0x245175]
V  [jvm.dll+0x6714c9]
V  [jvm.dll+0x665f92]
V  [jvm.dll+0x303c3b]
V  [jvm.dll+0x30b176]
V  [jvm.dll+0x35af33]
V  [jvm.dll+0x35b14f]
V  [jvm.dll+0x2dab78]
V  [jvm.dll+0x2dbae4]
V  [jvm.dll+0x7ffdf1]
V  [jvm.dll+0x368c91]
V  [jvm.dll+0x7df2cc]
V  [jvm.dll+0x3eb59f]
V  [jvm.dll+0x3ed121]
C  [jli.dll+0x5277]
C  [ucrtbase.dll+0x21bb2]
C  [KERNEL32.DLL+0x17034]
C  [ntdll.dll+0x52651]


---------------  P R O C E S S  ---------------

Threads class SMR info:
_java_thread_list=0x00007ffc97624e58, length=0, elements={
}

Java Threads: ( => current thread )

Other Threads:
  0x000001f660ad9fd0 GCTaskThread "GC Thread#0" [stack: 0x0000005a22200000,0x0000005a22300000] [id=47816]
  0x000001f660aec650 ConcurrentGCThread "G1 Main Marker" [stack: 0x0000005a22300000,0x0000005a22400000] [id=30100]
  0x000001f660aed060 ConcurrentGCThread "G1 Conc#0" [stack: 0x0000005a22400000,0x0000005a22500000] [id=47032]

[error occurred during error reporting (printing all threads), id 0xc0000005, EXCEPTION_ACCESS_VIOLATION (0xc0000005) at pc=0x00007ffc96dfb5f7]

VM state: not at safepoint (not fully initialized)

VM Mutex/Monitor currently owned by a thread:  ([mutex/lock_event])
[0x000001f65dd8c370] Heap_lock - owner thread: 0x000001f660a64ca0

Heap address: 0x0000000600c00000, size: 8180 MB, Compressed Oops mode: Zero based, Oop shift amount: 3

CDS archive(s) mapped at: [0x0000000000000000-0x0000000000000000-0x0000000000000000), size 0, SharedBaseAddress: 0x0000000800000000, ArchiveRelocationMode: 0.
Narrow klass base: 0x0000000000000000, Narrow klass shift: 0, Narrow klass range: 0x0

GC Precious Log:
<Empty>

Heap:
 garbage-first heap   total 0K, used 0K [0x0000000600c00000, 0x0000000800000000)
  region size 4096K, 0 young (0K), 0 survivors (0K)

[error occurred during error reporting (printing heap information), id 0xc0000005, EXCEPTION_ACCESS_VIOLATION (0xc0000005) at pc=0x00007ffc971dd729]

GC Heap History (0 events):
No events

Deoptimization events (0 events):
No events

Classes unloaded (0 events):
No events

Classes redefined (0 events):
No events

Internal exceptions (0 events):
No events

VM Operations (0 events):
No events

Events (1 events):
Event: 0.011 Loaded shared library C:\Users\Max\Downloads\eclipse\plugins\org.eclipse.justj.openjdk.hotspot.jre.full.win32.x86_64_17.0.1.v20211116-1657\jre\bin\java.dll


Dynamic libraries:
0x00007ff7349c0000 - 0x00007ff7349ce000 	C:\Users\Max\Downloads\eclipse\plugins\org.eclipse.justj.openjdk.hotspot.jre.full.win32.x86_64_17.0.1.v20211116-1657\jre\bin\javaw.exe
0x00007ffd2d0b0000 - 0x00007ffd2d2a8000 	C:\WINDOWS\SYSTEM32\ntdll.dll
0x00007ffd2c0e0000 - 0x00007ffd2c19d000 	C:\WINDOWS\System32\KERNEL32.DLL
0x00007ffd2a7d0000 - 0x00007ffd2aa9e000 	C:\WINDOWS\System32\KERNELBASE.dll
0x00007ffcf0e00000 - 0x00007ffcf0f24000 	C:\Program Files\Bitdefender\Bitdefender Security\atcuf\dlls_266168014434126540\atcuf64.dll
0x00007ffd2aaa0000 - 0x00007ffd2aba0000 	C:\WINDOWS\System32\ucrtbase.dll
0x00007ffd06300000 - 0x00007ffd06318000 	C:\Users\Max\Downloads\eclipse\plugins\org.eclipse.justj.openjdk.hotspot.jre.full.win32.x86_64_17.0.1.v20211116-1657\jre\bin\jli.dll
0x00007ffd2cdc0000 - 0x00007ffd2cf60000 	C:\WINDOWS\System32\USER32.dll
0x00007ffd2aed0000 - 0x00007ffd2aef2000 	C:\WINDOWS\System32\win32u.dll
0x00007ffd2c0b0000 - 0x00007ffd2c0da000 	C:\WINDOWS\System32\GDI32.dll
0x00007ffd2acf0000 - 0x00007ffd2adfb000 	C:\WINDOWS\System32\gdi32full.dll
0x00007ffd2ae00000 - 0x00007ffd2ae9d000 	C:\WINDOWS\System32\msvcp_win.dll
0x00007ffd03250000 - 0x00007ffd03269000 	C:\Users\Max\Downloads\eclipse\plugins\org.eclipse.justj.openjdk.hotspot.jre.full.win32.x86_64_17.0.1.v20211116-1657\jre\bin\VCRUNTIME140.dll
0x00007ffd183b0000 - 0x00007ffd1864a000 	C:\WINDOWS\WinSxS\amd64_microsoft.windows.common-controls_6595b64144ccf1df_6.0.19041.1110_none_60b5254171f9507e\COMCTL32.dll
0x00007ffd2c380000 - 0x00007ffd2c41e000 	C:\WINDOWS\System32\msvcrt.dll
0x00007ffd2c4f0000 - 0x00007ffd2c520000 	C:\WINDOWS\System32\IMM32.DLL
0x00007ffd062c0000 - 0x00007ffd062cc000 	C:\Users\Max\Downloads\eclipse\plugins\org.eclipse.justj.openjdk.hotspot.jre.full.win32.x86_64_17.0.1.v20211116-1657\jre\bin\vcruntime140_1.dll
0x00007ffcc9b60000 - 0x00007ffcc9bf1000 	C:\Users\Max\Downloads\eclipse\plugins\org.eclipse.justj.openjdk.hotspot.jre.full.win32.x86_64_17.0.1.v20211116-1657\jre\bin\msvcp140.dll
0x00007ffc96b10000 - 0x00007ffc97756000 	C:\Users\Max\Downloads\eclipse\plugins\org.eclipse.justj.openjdk.hotspot.jre.full.win32.x86_64_17.0.1.v20211116-1657\jre\bin\server\jvm.dll
0x00007ffd2bf90000 - 0x00007ffd2c03e000 	C:\WINDOWS\System32\ADVAPI32.dll
0x00007ffd2c1b0000 - 0x00007ffd2c24c000 	C:\WINDOWS\System32\sechost.dll
0x00007ffd2c520000 - 0x00007ffd2c645000 	C:\WINDOWS\System32\RPCRT4.dll
0x00007ffd2c940000 - 0x00007ffd2c948000 	C:\WINDOWS\System32\PSAPI.DLL
0x00007ffd22f00000 - 0x00007ffd22f09000 	C:\WINDOWS\SYSTEM32\WSOCK32.dll
0x00007ffd2b2b0000 - 0x00007ffd2b31b000 	C:\WINDOWS\System32\WS2_32.dll
0x00007ffd24050000 - 0x00007ffd24077000 	C:\WINDOWS\SYSTEM32\WINMM.dll
0x00007ffd25430000 - 0x00007ffd2543a000 	C:\WINDOWS\SYSTEM32\VERSION.dll
0x00007ffd286f0000 - 0x00007ffd28702000 	C:\WINDOWS\SYSTEM32\kernel.appcore.dll
0x00007ffd21830000 - 0x00007ffd2183a000 	C:\Users\Max\Downloads\eclipse\plugins\org.eclipse.justj.openjdk.hotspot.jre.full.win32.x86_64_17.0.1.v20211116-1657\jre\bin\jimage.dll
0x00007ffd20860000 - 0x00007ffd20a44000 	C:\WINDOWS\SYSTEM32\DBGHELP.DLL
0x00007ffd12160000 - 0x00007ffd1218c000 	C:\WINDOWS\SYSTEM32\dbgcore.DLL
0x00007ffd2abf0000 - 0x00007ffd2ac72000 	C:\WINDOWS\System32\bcryptPrimitives.dll
0x00007ffd03c40000 - 0x00007ffd03c65000 	C:\Users\Max\Downloads\eclipse\plugins\org.eclipse.justj.openjdk.hotspot.jre.full.win32.x86_64_17.0.1.v20211116-1657\jre\bin\java.dll

dbghelp: loaded successfully - version: 4.0.5 - missing functions: none
symbol engine: initialized successfully - sym options: 0x614 - pdb path: .;C:\Users\Max\Downloads\eclipse\plugins\org.eclipse.justj.openjdk.hotspot.jre.full.win32.x86_64_17.0.1.v20211116-1657\jre\bin;C:\WINDOWS\SYSTEM32;C:\Program Files\Bitdefender\Bitdefender Security\atcuf\dlls_266168014434126540;C:\WINDOWS\WinSxS\amd64_microsoft.windows.common-controls_6595b64144ccf1df_6.0.19041.1110_none_60b5254171f9507e;C:\Users\Max\Downloads\eclipse\plugins\org.eclipse.justj.openjdk.hotspot.jre.full.win32.x86_64_17.0.1.v20211116-1657\jre\bin\server

VM Arguments:
jvm_args: -Dfile.encoding=Cp1252 --module-path=M:\Development\AOP2_AddressBook\bin -XX:+ShowCodeDetailsInExceptionMessages -Djdk.module.main=aop2_AddressBook 
java_command: aop2_AddressBook/addressBook.AddressBookMain
java_class_path (initial): C:\Users\Max\Downloads\eclipse\plugins\org.aspectj.runtime_1.9.8.202203241553.jar
Launcher Type: SUN_STANDARD

[Global flags]
     intx CICompilerCount                          = 12                                        {product} {ergonomic}
     uint ConcGCThreads                            = 3                                         {product} {ergonomic}
     uint G1ConcRefinementThreads                  = 13                                        {product} {ergonomic}
   size_t G1HeapRegionSize                         = 4194304                                   {product} {ergonomic}
    uintx GCDrainStackTargetSize                   = 64                                        {product} {ergonomic}
   size_t InitialHeapSize                          = 536870912                                 {product} {ergonomic}
   size_t MarkStackSize                            = 4194304                                   {product} {ergonomic}
   size_t MaxHeapSize                              = 8577351680                                {product} {ergonomic}
   size_t MinHeapDeltaBytes                        = 4194304                                   {product} {ergonomic}
   size_t MinHeapSize                              = 8388608                                   {product} {ergonomic}
    uintx NonNMethodCodeHeapSize                   = 7602480                                {pd product} {ergonomic}
    uintx NonProfiledCodeHeapSize                  = 122027880                              {pd product} {ergonomic}
    uintx ProfiledCodeHeapSize                     = 122027880                              {pd product} {ergonomic}
    uintx ReservedCodeCacheSize                    = 251658240                              {pd product} {ergonomic}
     bool SegmentedCodeCache                       = true                                      {product} {ergonomic}
     bool ShowCodeDetailsInExceptionMessages       = true                                   {manageable} {command line}
   size_t SoftMaxHeapSize                          = 8577351680                             {manageable} {ergonomic}
     bool UseCompressedClassPointers               = true                           {product lp64_product} {ergonomic}
     bool UseCompressedOops                        = true                           {product lp64_product} {ergonomic}
     bool UseG1GC                                  = true                                      {product} {ergonomic}
     bool UseLargePagesIndividualAllocation        = false                                  {pd product} {ergonomic}

Logging:
Log output configuration:
 #0: stdout all=warning uptime,level,tags
 #1: stderr all=off uptime,level,tags

Environment Variables:
JAVA_HOME=C:\Program Files\Amazon Corretto\jdk11.0.10_9
PATH=C:/Users/Max/Downloads/eclipse//plugins/org.eclipse.justj.openjdk.hotspot.jre.full.win32.x86_64_17.0.1.v20211116-1657/jre/bin/server;C:/Users/Max/Downloads/eclipse//plugins/org.eclipse.justj.openjdk.hotspot.jre.full.win32.x86_64_17.0.1.v20211116-1657/jre/bin;C:\Program Files (x86)\Common Files\Oracle\Java\javapath;C:\Program Files\Amazon Corretto\jdk11.0.10_9\bin;C:\ProgramData\Oracle\Java\javapath;C:\Windows\system32;C:\Windows;C:\Windows\System32\Wbem;C:\Windows\System32\WindowsPowerShell\v1.0\;C:\Windows\System32\OpenSSH\;C:\Program Files\NVIDIA Corporation\NVIDIA NvDLISR;C:\Program Files (x86)\NVIDIA Corporation\PhysX\Common;C:\Program Files (x86)\Calibre2\;C:\Program Files\dotnet\;C:\WINDOWS\system32;C:\WINDOWS;C:\WINDOWS\System32\Wbem;C:\WINDOWS\System32\WindowsPowerShell\v1.0\;C:\WINDOWS\System32\OpenSSH\;C:\Program Files\SourceGear\Common\DiffMerge\;C:\Program Files\Git\cmd;C:\Users\Max\AppData\Local\Microsoft\WindowsApps;C:\Users\Max\AppData\Local\GitHubDesktop\bin;C:\Users\Max\Downloads\eclipse;
USERNAME=Max
OS=Windows_NT
PROCESSOR_IDENTIFIER=AMD64 Family 23 Model 8 Stepping 2, AuthenticAMD



---------------  S Y S T E M  ---------------

OS:
 Windows 10 , 64 bit Build 19041 (10.0.19041.1889)
OS uptime: 15 days 12:51 hours

CPU: total 16 (initial active 16) (16 cores per cpu, 2 threads per core) family 23 model 8 stepping 2 microcode 0x0, cx8, cmov, fxsr, ht, mmx, 3dnowpref, sse, sse2, sse3, ssse3, sse4a, sse4.1, sse4.2, popcnt, lzcnt, tsc, tscinvbit, avx, avx2, aes, clmul, bmi1, bmi2, adx, sha, fma, vzeroupper, clflush, clflushopt

Memory: 4k page, system-wide physical 32713M (12483M free)
TotalPageFile size 48713M (AvailPageFile size 8M)
current process WorkingSet (physical memory assigned to process): 11M, peak: 11M
current process commit charge ("private bytes"): 585M, peak: 593M

vm_info: OpenJDK 64-Bit Server VM (17.0.1+12) for windows-amd64 JRE (17.0.1+12), built on Oct 20 2021 07:42:55 by "" with MS VC++ 16.7 (VS2019)

END.
